0 info it worked if it ends with ok
1 verbose cli [ '/home/benshalom/.nvm/versions/io.js/v1.8.4/bin/iojs',
1 verbose cli   '/home/benshalom/.nvm/versions/io.js/v1.8.4/bin/npm',
1 verbose cli   'start' ]
2 info using npm@2.9.0
3 info using node@v1.8.4
4 verbose stack Error: missing script: start
4 verbose stack     at run (/home/benshalom/.nvm/versions/io.js/v1.8.4/lib/node_modules/npm/lib/run-script.js:165:19)
4 verbose stack     at /home/benshalom/.nvm/versions/io.js/v1.8.4/lib/node_modules/npm/lib/run-script.js:81:5
4 verbose stack     at /home/benshalom/.nvm/versions/io.js/v1.8.4/lib/node_modules/npm/node_modules/read-package-json/read-json.js:345:5
4 verbose stack     at checkBinReferences_ (/home/benshalom/.nvm/versions/io.js/v1.8.4/lib/node_modules/npm/node_modules/read-package-json/read-json.js:309:45)
4 verbose stack     at final (/home/benshalom/.nvm/versions/io.js/v1.8.4/lib/node_modules/npm/node_modules/read-package-json/read-json.js:343:3)
4 verbose stack     at then (/home/benshalom/.nvm/versions/io.js/v1.8.4/lib/node_modules/npm/node_modules/read-package-json/read-json.js:113:5)
4 verbose stack     at /home/benshalom/.nvm/versions/io.js/v1.8.4/lib/node_modules/npm/node_modules/read-package-json/read-json.js:300:12
4 verbose stack     at FSReqWrap.readFileAfterClose [as oncomplete] (evalmachine.<anonymous>:382:3)
5 verbose cwd /home/benshalom/Delapp
6 error Linux 4.15.0-167-generic
7 error argv "/home/benshalom/.nvm/versions/io.js/v1.8.4/bin/iojs" "/home/benshalom/.nvm/versions/io.js/v1.8.4/bin/npm" "start"
8 error node v1.8.4
9 error npm  v2.9.0
10 error missing script: start
11 error If you need help, you may report this error at:
11 error     <https://github.com/npm/npm/issues>
12 verbose exit [ 1, true ]
